<?xml version="1.0" encoding="UTF-8"?>
<!-- Generated by org.testng.reporters.JUnitReportReporter -->
<testsuite skipped="0" hostname="UUX010052-TVD-D" name="tr.findlaw.tests.OrdersTest" tests="1" failures="0" timestamp="24 Oct 2017 11:51:43 GMT" time="23.413" errors="0">
  <testcase name="createContact" time="23.413" classname="tr.findlaw.tests.OrdersTest"/>
</testsuite> <!-- tr.findlaw.tests.OrdersTest -->
