<?xml version="1.0" encoding="UTF-8"?>
<!-- Generated by org.testng.reporters.JUnitReportReporter -->
<testsuite skipped="2" hostname="TP4VDITR-TCS019" name="tr.findlaw.tests.Sprint_8" tests="3" failures="0" timestamp="09 Nov 2017 11:43:36 GMT" time="501.690" errors="0">
  <testcase name="SOC_4993" time="501.690" classname="tr.findlaw.tests.Sprint_8"/>
  <testcase name="SOC_4470" classname="tr.findlaw.tests.Sprint_8">
    <skipped/>
  </testcase> <!-- SOC_4470 -->
  <testcase name="SOC_4103" classname="tr.findlaw.tests.Sprint_8">
    <skipped/>
  </testcase> <!-- SOC_4103 -->
</testsuite> <!-- tr.findlaw.tests.Sprint_8 -->
